# JRE version: OpenJDK Runtime Environment (7.0_55-b14) (build 1.7.0_55-b14)
# Java VM: OpenJDK 64-Bit Server VM (24.51-b03 mixed mode linux-amd64 compressed oops)
Heap
 PSYoungGen      total 6656K, used 3863K [0x00000000ec100000, 0x00000000ece00000, 0x0000000100000000)
  eden space 6144K, 54% used [0x00000000ec100000,0x00000000ec445ee8,0x00000000ec700000)
  from space 512K, 100% used [0x00000000ec700000,0x00000000ec780000,0x00000000ec780000)
  to   space 512K, 0% used [0x00000000ecd80000,0x00000000ecd80000,0x00000000ece00000)
 ParOldGen       total 5632K, used 3199K [0x00000000c4400000, 0x00000000c4980000, 0x00000000ec100000)
  object space 5632K, 56% used [0x00000000c4400000,0x00000000c471fdc8,0x00000000c4980000)
 PSPermGen       total 21504K, used 6805K [0x00000000b9e00000, 0x00000000bb300000, 0x00000000c4400000)
  object space 21504K, 31% used [0x00000000b9e00000,0x00000000ba4a54e0,0x00000000bb300000)
GC Heap History (6 events):
Event: 0,192 GC heap before
{Heap before GC invocations=1 (full 0):
 PSYoungGen      total 3584K, used 3053K [0x00000000ec100000, 0x00000000ec500000, 0x0000000100000000)
  eden space 3072K, 99% used [0x00000000ec100000,0x00000000ec3fb498,0x00000000ec400000)
  from space 512K, 0% used [0x00000000ec480000,0x00000000ec480000,0x00000000ec500000)
  to   space 512K, 0% used [0x00000000ec400000,0x00000000ec400000,0x00000000ec480000)
 ParOldGen       total 5632K, used 0K [0x00000000c4400000, 0x00000000c4980000, 0x00000000ec100000)
  object space 5632K, 0% used [0x00000000c4400000,0x00000000c4400000,0x00000000c4980000)
 PSPermGen       total 21504K, used 3756K [0x00000000b9e00000, 0x00000000bb300000, 0x00000000c4400000)
  object space 21504K, 17% used [0x00000000b9e00000,0x00000000ba1ab278,0x00000000bb300000)
Event: 0,196 GC heap after
Heap after GC invocations=1 (full 0):
 PSYoungGen      total 3584K, used 511K [0x00000000ec100000, 0x00000000ec800000, 0x0000000100000000)
  eden space 3072K, 0% used [0x00000000ec100000,0x00000000ec100000,0x00000000ec400000)
  from space 512K, 99% used [0x00000000ec400000,0x00000000ec47fd10,0x00000000ec480000)
  to   space 512K, 0% used [0x00000000ec780000,0x00000000ec780000,0x00000000ec800000)
 ParOldGen       total 5632K, used 589K [0x00000000c4400000, 0x00000000c4980000, 0x00000000ec100000)
  object space 5632K, 10% used [0x00000000c4400000,0x00000000c4493678,0x00000000c4980000)
 PSPermGen       total 21504K, used 3756K [0x00000000b9e00000, 0x00000000bb300000, 0x00000000c4400000)
  object space 21504K, 17% used [0x00000000b9e00000,0x00000000ba1ab278,0x00000000bb300000)
}
Event: 0,270 GC heap before
{Heap before GC invocations=2 (full 0):
 PSYoungGen      total 3584K, used 3583K [0x00000000ec100000, 0x00000000ec800000, 0x0000000100000000)
  eden space 3072K, 100% used [0x00000000ec100000,0x00000000ec400000,0x00000000ec400000)
  from space 512K, 99% used [0x00000000ec400000,0x00000000ec47fd10,0x00000000ec480000)
  to   space 512K, 0% used [0x00000000ec780000,0x00000000ec780000,0x00000000ec800000)
 ParOldGen       total 5632K, used 589K [0x00000000c4400000, 0x00000000c4980000, 0x00000000ec100000)
  object space 5632K, 10% used [0x00000000c4400000,0x00000000c4493678,0x00000000c4980000)
 PSPermGen       total 21504K, used 4514K [0x00000000b9e00000, 0x00000000bb300000, 0x00000000c4400000)
  object space 21504K, 20% used [0x00000000b9e00000,0x00000000ba268958,0x00000000bb300000)
Event: 0,274 GC heap after
Heap after GC invocations=2 (full 0):
 PSYoungGen      total 6656K, used 496K [0x00000000ec100000, 0x00000000ec800000, 0x0000000100000000)
  eden space 6144K, 0% used [0x00000000ec100000,0x00000000ec100000,0x00000000ec700000)
  from space 512K, 96% used [0x00000000ec780000,0x00000000ec7fc010,0x00000000ec800000)
  to   space 512K, 0% used [0x00000000ec700000,0x00000000ec700000,0x00000000ec780000)
 ParOldGen       total 5632K, used 1596K [0x00000000c4400000, 0x00000000c4980000, 0x00000000ec100000)
  object space 5632K, 28% used [0x00000000c4400000,0x00000000c458f2e8,0x00000000c4980000)
 PSPermGen       total 21504K, used 4514K [0x00000000b9e00000, 0x00000000bb300000, 0x00000000c4400000)
  object space 21504K, 20% used [0x00000000b9e00000,0x00000000ba268958,0x00000000bb300000)
}
Event: 0,435 GC heap before
{Heap before GC invocations=3 (full 0):
 PSYoungGen      total 6656K, used 6640K [0x00000000ec100000, 0x00000000ec800000, 0x0000000100000000)
  eden space 6144K, 100% used [0x00000000ec100000,0x00000000ec700000,0x00000000ec700000)
  from space 512K, 96% used [0x00000000ec780000,0x00000000ec7fc010,0x00000000ec800000)
  to   space 512K, 0% used [0x00000000ec700000,0x00000000ec700000,0x00000000ec780000)
 ParOldGen       total 5632K, used 1596K [0x00000000c4400000, 0x00000000c4980000, 0x00000000ec100000)
  object space 5632K, 28% used [0x00000000c4400000,0x00000000c458f2e8,0x00000000c4980000)
 PSPermGen       total 21504K, used 6349K [0x00000000b9e00000, 0x00000000bb300000, 0x00000000c4400000)
  object space 21504K, 29% used [0x00000000b9e00000,0x00000000ba4336e8,0x00000000bb300000)
Event: 0,440 GC heap after
Heap after GC invocations=3 (full 0):
 PSYoungGen      total 6656K, used 512K [0x00000000ec100000, 0x00000000ece00000, 0x0000000100000000)
  eden space 6144K, 0% used [0x00000000ec100000,0x00000000ec100000,0x00000000ec700000)
  from space 512K, 100% used [0x00000000ec700000,0x00000000ec780000,0x00000000ec780000)
  to   space 512K, 0% used [0x00000000ecd80000,0x00000000ecd80000,0x00000000ece00000)
 ParOldGen       total 5632K, used 3199K [0x00000000c4400000, 0x00000000c4980000, 0x00000000ec100000)
  object space 5632K, 56% used [0x00000000c4400000,0x00000000c471fdc8,0x00000000c4980000)
 PSPermGen       total 21504K, used 6349K [0x00000000b9e00000, 0x00000000bb300000, 0x00000000c4400000)
  object space 21504K, 29% used [0x00000000b9e00000,0x00000000ba4336e8,0x00000000bb300000)
}

