# JRE version: OpenJDK Runtime Environment (7.0_55-b14) (build 1.7.0_55-b14)
# Java VM: OpenJDK 64-Bit Server VM (24.51-b03 mixed mode linux-amd64 compressed oops)
Heap
 PSYoungGen      total 12800K, used 508K [0x00000000ec100000, 0x00000000ece00000, 0x0000000100000000)
  eden space 12288K, 0% used [0x00000000ec100000,0x00000000ec100000,0x00000000ecd00000)
  from space 512K, 99% used [0x00000000ecd80000,0x00000000ecdff240,0x00000000ece00000)
  to   space 512K, 0% used [0x00000000ecd00000,0x00000000ecd00000,0x00000000ecd80000)
 ParOldGen       total 5632K, used 5614K [0x00000000c4400000, 0x00000000c4980000, 0x00000000ec100000)
  object space 5632K, 99% used [0x00000000c4400000,0x00000000c497bb08,0x00000000c4980000)
 PSPermGen       total 21504K, used 6916K [0x00000000b9e00000, 0x00000000bb300000, 0x00000000c4400000)
  object space 21504K, 32% used [0x00000000b9e00000,0x00000000ba4c12b8,0x00000000bb300000)
GC Heap History (9 events):
Event: 0,190 GC heap before
{Heap before GC invocations=1 (full 0):
 PSYoungGen      total 3584K, used 3049K [0x00000000ec100000, 0x00000000ec500000, 0x0000000100000000)
  eden space 3072K, 99% used [0x00000000ec100000,0x00000000ec3fa770,0x00000000ec400000)
  from space 512K, 0% used [0x00000000ec480000,0x00000000ec480000,0x00000000ec500000)
  to   space 512K, 0% used [0x00000000ec400000,0x00000000ec400000,0x00000000ec480000)
 ParOldGen       total 5632K, used 0K [0x00000000c4400000, 0x00000000c4980000, 0x00000000ec100000)
  object space 5632K, 0% used [0x00000000c4400000,0x00000000c4400000,0x00000000c4980000)
 PSPermGen       total 21504K, used 3756K [0x00000000b9e00000, 0x00000000bb300000, 0x00000000c4400000)
  object space 21504K, 17% used [0x00000000b9e00000,0x00000000ba1ab278,0x00000000bb300000)
Event: 0,194 GC heap after
Heap after GC invocations=1 (full 0):
 PSYoungGen      total 3584K, used 511K [0x00000000ec100000, 0x00000000ec800000, 0x0000000100000000)
  eden space 3072K, 0% used [0x00000000ec100000,0x00000000ec100000,0x00000000ec400000)
  from space 512K, 99% used [0x00000000ec400000,0x00000000ec47fd10,0x00000000ec480000)
  to   space 512K, 0% used [0x00000000ec780000,0x00000000ec780000,0x00000000ec800000)
 ParOldGen       total 5632K, used 605K [0x00000000c4400000, 0x00000000c4980000, 0x00000000ec100000)
  object space 5632K, 10% used [0x00000000c4400000,0x00000000c4497678,0x00000000c4980000)
 PSPermGen       total 21504K, used 3756K [0x00000000b9e00000, 0x00000000bb300000, 0x00000000c4400000)
  object space 21504K, 17% used [0x00000000b9e00000,0x00000000ba1ab278,0x00000000bb300000)
}
Event: 0,265 GC heap before
{Heap before GC invocations=2 (full 0):
 PSYoungGen      total 3584K, used 3573K [0x00000000ec100000, 0x00000000ec800000, 0x0000000100000000)
  eden space 3072K, 99% used [0x00000000ec100000,0x00000000ec3fd758,0x00000000ec400000)
  from space 512K, 99% used [0x00000000ec400000,0x00000000ec47fd10,0x00000000ec480000)
  to   space 512K, 0% used [0x00000000ec780000,0x00000000ec780000,0x00000000ec800000)
 ParOldGen       total 5632K, used 605K [0x00000000c4400000, 0x00000000c4980000, 0x00000000ec100000)
  object space 5632K, 10% used [0x00000000c4400000,0x00000000c4497678,0x00000000c4980000)
 PSPermGen       total 21504K, used 4518K [0x00000000b9e00000, 0x00000000bb300000, 0x00000000c4400000)
  object space 21504K, 21% used [0x00000000b9e00000,0x00000000ba2699c0,0x00000000bb300000)
Event: 0,268 GC heap after
Heap after GC invocations=2 (full 0):
 PSYoungGen      total 6656K, used 480K [0x00000000ec100000, 0x00000000ec800000, 0x0000000100000000)
  eden space 6144K, 0% used [0x00000000ec100000,0x00000000ec100000,0x00000000ec700000)
  from space 512K, 93% used [0x00000000ec780000,0x00000000ec7f8020,0x00000000ec800000)
  to   space 512K, 0% used [0x00000000ec700000,0x00000000ec700000,0x00000000ec780000)
 ParOldGen       total 5632K, used 1598K [0x00000000c4400000, 0x00000000c4980000, 0x00000000ec100000)
  object space 5632K, 28% used [0x00000000c4400000,0x00000000c458fa68,0x00000000c4980000)
 PSPermGen       total 21504K, used 4518K [0x00000000b9e00000, 0x00000000bb300000, 0x00000000c4400000)
  object space 21504K, 21% used [0x00000000b9e00000,0x00000000ba2699c0,0x00000000bb300000)
}
Event: 0,414 GC heap before
{Heap before GC invocations=3 (full 0):
 PSYoungGen      total 6656K, used 6624K [0x00000000ec100000, 0x00000000ec800000, 0x0000000100000000)
  eden space 6144K, 100% used [0x00000000ec100000,0x00000000ec700000,0x00000000ec700000)
  from space 512K, 93% used [0x00000000ec780000,0x00000000ec7f8020,0x00000000ec800000)
  to   space 512K, 0% used [0x00000000ec700000,0x00000000ec700000,0x00000000ec780000)
 ParOldGen       total 5632K, used 1598K [0x00000000c4400000, 0x00000000c4980000, 0x00000000ec100000)
  object space 5632K, 28% used [0x00000000c4400000,0x00000000c458fa68,0x00000000c4980000)
 PSPermGen       total 21504K, used 6349K [0x00000000b9e00000, 0x00000000bb300000, 0x00000000c4400000)
  object space 21504K, 29% used [0x00000000b9e00000,0x00000000ba4336e8,0x00000000bb300000)
Event: 0,420 GC heap after
Heap after GC invocations=3 (full 0):
 PSYoungGen      total 6656K, used 496K [0x00000000ec100000, 0x00000000ece00000, 0x0000000100000000)
  eden space 6144K, 0% used [0x00000000ec100000,0x00000000ec100000,0x00000000ec700000)
  from space 512K, 96% used [0x00000000ec700000,0x00000000ec77c010,0x00000000ec780000)
  to   space 512K, 0% used [0x00000000ecd80000,0x00000000ecd80000,0x00000000ece00000)
 ParOldGen       total 5632K, used 3199K [0x00000000c4400000, 0x00000000c4980000, 0x00000000ec100000)
  object space 5632K, 56% used [0x00000000c4400000,0x00000000c471fcb0,0x00000000c4980000)
 PSPermGen       total 21504K, used 6349K [0x00000000b9e00000, 0x00000000bb300000, 0x00000000c4400000)
  object space 21504K, 29% used [0x00000000b9e00000,0x00000000ba4336e8,0x00000000bb300000)
}
Event: 0,727 GC heap before
{Heap before GC invocations=4 (full 0):
 PSYoungGen      total 6656K, used 5476K [0x00000000ec100000, 0x00000000ece00000, 0x0000000100000000)
  eden space 6144K, 81% used [0x00000000ec100000,0x00000000ec5dd220,0x00000000ec700000)
  from space 512K, 96% used [0x00000000ec700000,0x00000000ec77c010,0x00000000ec780000)
  to   space 512K, 0% used [0x00000000ecd80000,0x00000000ecd80000,0x00000000ece00000)
 ParOldGen       total 5632K, used 3199K [0x00000000c4400000, 0x00000000c4980000, 0x00000000ec100000)
  object space 5632K, 56% used [0x00000000c4400000,0x00000000c471fcb0,0x00000000c4980000)
 PSPermGen       total 21504K, used 6916K [0x00000000b9e00000, 0x00000000bb300000, 0x00000000c4400000)
  object space 21504K, 32% used [0x00000000b9e00000,0x00000000ba4c12b8,0x00000000bb300000)
Event: 0,733 GC heap after
Heap after GC invocations=4 (full 0):
 PSYoungGen      total 12800K, used 508K [0x00000000ec100000, 0x00000000ece00000, 0x0000000100000000)
  eden space 12288K, 0% used [0x00000000ec100000,0x00000000ec100000,0x00000000ecd00000)
  from space 512K, 99% used [0x00000000ecd80000,0x00000000ecdff240,0x00000000ece00000)
  to   space 512K, 0% used [0x00000000ecd00000,0x00000000ecd00000,0x00000000ecd80000)
 ParOldGen       total 5632K, used 5614K [0x00000000c4400000, 0x00000000c4980000, 0x00000000ec100000)
  object space 5632K, 99% used [0x00000000c4400000,0x00000000c497bb08,0x00000000c4980000)
 PSPermGen       total 21504K, used 6916K [0x00000000b9e00000, 0x00000000bb300000, 0x00000000c4400000)
  object space 21504K, 32% used [0x00000000b9e00000,0x00000000ba4c12b8,0x00000000bb300000)
}
Event: 0,733 GC heap before
{Heap before GC invocations=5 (full 1):
 PSYoungGen      total 12800K, used 508K [0x00000000ec100000, 0x00000000ece00000, 0x0000000100000000)
  eden space 12288K, 0% used [0x00000000ec100000,0x00000000ec100000,0x00000000ecd00000)
  from space 512K, 99% used [0x00000000ecd80000,0x00000000ecdff240,0x00000000ece00000)
  to   space 512K, 0% used [0x00000000ecd00000,0x00000000ecd00000,0x00000000ecd80000)
 ParOldGen       total 5632K, used 5614K [0x00000000c4400000, 0x00000000c4980000, 0x00000000ec100000)
  object space 5632K, 99% used [0x00000000c4400000,0x00000000c497bb08,0x00000000c4980000)
 PSPermGen       total 21504K, used 6916K [0x00000000b9e00000, 0x00000000bb300000, 0x00000000c4400000)
  object space 21504K, 32% used [0x00000000b9e00000,0x00000000ba4c12b8,0x00000000bb300000)

