# JRE version: OpenJDK Runtime Environment (7.0_55-b14) (build 1.7.0_55-b14)
# Java VM: OpenJDK 64-Bit Server VM (24.51-b03 mixed mode linux-amd64 compressed oops)
Heap
 PSYoungGen      total 6656K, used 480K [0x00000000ec100000, 0x00000000ed300000, 0x0000000100000000)
  eden space 6144K, 0% used [0x00000000ec100000,0x00000000ec100000,0x00000000ec700000)
  from space 512K, 93% used [0x00000000ec700000,0x00000000ec778030,0x00000000ec780000)
  to   space 3072K, 0% used [0x00000000ed000000,0x00000000ed000000,0x00000000ed300000)
 ParOldGen       total 6144K, used 5704K [0x00000000c4400000, 0x00000000c4a00000, 0x00000000ec100000)
  object space 6144K, 92% used [0x00000000c4400000,0x00000000c49923c8,0x00000000c4a00000)
 PSPermGen       total 21504K, used 6916K [0x00000000b9e00000, 0x00000000bb300000, 0x00000000c4400000)
  object space 21504K, 32% used [0x00000000b9e00000,0x00000000ba4c1360,0x00000000bb300000)
GC Heap History (10 events):
Event: 0,367 GC heap after
Heap after GC invocations=1 (full 0):
 PSYoungGen      total 3584K, used 511K [0x00000000ec100000, 0x00000000ec500000, 0x0000000100000000)
  eden space 3072K, 0% used [0x00000000ec100000,0x00000000ec100000,0x00000000ec400000)
  from space 512K, 99% used [0x00000000ec400000,0x00000000ec47fd10,0x00000000ec480000)
  to   space 512K, 0% used [0x00000000ec480000,0x00000000ec480000,0x00000000ec500000)
 ParOldGen       total 5632K, used 609K [0x00000000c4400000, 0x00000000c4980000, 0x00000000ec100000)
  object space 5632K, 10% used [0x00000000c4400000,0x00000000c44985d0,0x00000000c4980000)
 PSPermGen       total 21504K, used 3756K [0x00000000b9e00000, 0x00000000bb300000, 0x00000000c4400000)
  object space 21504K, 17% used [0x00000000b9e00000,0x00000000ba1ab278,0x00000000bb300000)
}
Event: 0,503 GC heap before
{Heap before GC invocations=2 (full 0):
 PSYoungGen      total 3584K, used 3583K [0x00000000ec100000, 0x00000000ec500000, 0x0000000100000000)
  eden space 3072K, 100% used [0x00000000ec100000,0x00000000ec400000,0x00000000ec400000)
  from space 512K, 99% used [0x00000000ec400000,0x00000000ec47fd10,0x00000000ec480000)
  to   space 512K, 0% used [0x00000000ec480000,0x00000000ec480000,0x00000000ec500000)
 ParOldGen       total 5632K, used 609K [0x00000000c4400000, 0x00000000c4980000, 0x00000000ec100000)
  object space 5632K, 10% used [0x00000000c4400000,0x00000000c44985d0,0x00000000c4980000)
 PSPermGen       total 21504K, used 4514K [0x00000000b9e00000, 0x00000000bb300000, 0x00000000c4400000)
  object space 21504K, 20% used [0x00000000b9e00000,0x00000000ba268958,0x00000000bb300000)
Event: 0,507 GC heap after
Heap after GC invocations=2 (full 0):
 PSYoungGen      total 3584K, used 480K [0x00000000ec100000, 0x00000000ec800000, 0x0000000100000000)
  eden space 3072K, 0% used [0x00000000ec100000,0x00000000ec100000,0x00000000ec400000)
  from space 512K, 93% used [0x00000000ec480000,0x00000000ec4f8030,0x00000000ec500000)
  to   space 512K, 0% used [0x00000000ec400000,0x00000000ec400000,0x00000000ec480000)
 ParOldGen       total 5632K, used 1582K [0x00000000c4400000, 0x00000000c4980000, 0x00000000ec100000)
  object space 5632K, 28% used [0x00000000c4400000,0x00000000c458bbc8,0x00000000c4980000)
 PSPermGen       total 21504K, used 4514K [0x00000000b9e00000, 0x00000000bb300000, 0x00000000c4400000)
  object space 21504K, 20% used [0x00000000b9e00000,0x00000000ba268958,0x00000000bb300000)
}
Event: 0,667 GC heap before
{Heap before GC invocations=3 (full 0):
 PSYoungGen      total 3584K, used 3552K [0x00000000ec100000, 0x00000000ec800000, 0x0000000100000000)
  eden space 3072K, 100% used [0x00000000ec100000,0x00000000ec400000,0x00000000ec400000)
  from space 512K, 93% used [0x00000000ec480000,0x00000000ec4f8030,0x00000000ec500000)
  to   space 512K, 0% used [0x00000000ec400000,0x00000000ec400000,0x00000000ec480000)
 ParOldGen       total 5632K, used 1582K [0x00000000c4400000, 0x00000000c4980000, 0x00000000ec100000)
  object space 5632K, 28% used [0x00000000c4400000,0x00000000c458bbc8,0x00000000c4980000)
 PSPermGen       total 21504K, used 5303K [0x00000000b9e00000, 0x00000000bb300000, 0x00000000c4400000)
  object space 21504K, 24% used [0x00000000b9e00000,0x00000000ba32dd10,0x00000000bb300000)
Event: 0,670 GC heap after
Heap after GC invocations=3 (full 0):
 PSYoungGen      total 3584K, used 496K [0x00000000ec100000, 0x00000000ec800000, 0x0000000100000000)
  eden space 3072K, 0% used [0x00000000ec100000,0x00000000ec100000,0x00000000ec400000)
  from space 512K, 96% used [0x00000000ec400000,0x00000000ec47c020,0x00000000ec480000)
  to   space 512K, 0% used [0x00000000ec780000,0x00000000ec780000,0x00000000ec800000)
 ParOldGen       total 5632K, used 2312K [0x00000000c4400000, 0x00000000c4980000, 0x00000000ec100000)
  object space 5632K, 41% used [0x00000000c4400000,0x00000000c4642028,0x00000000c4980000)
 PSPermGen       total 21504K, used 5303K [0x00000000b9e00000, 0x00000000bb300000, 0x00000000c4400000)
  object space 21504K, 24% used [0x00000000b9e00000,0x00000000ba32dd10,0x00000000bb300000)
}
Event: 0,750 GC heap before
{Heap before GC invocations=4 (full 0):
 PSYoungGen      total 3584K, used 3568K [0x00000000ec100000, 0x00000000ec800000, 0x0000000100000000)
  eden space 3072K, 100% used [0x00000000ec100000,0x00000000ec400000,0x00000000ec400000)
  from space 512K, 96% used [0x00000000ec400000,0x00000000ec47c020,0x00000000ec480000)
  to   space 512K, 0% used [0x00000000ec780000,0x00000000ec780000,0x00000000ec800000)
 ParOldGen       total 5632K, used 2312K [0x00000000c4400000, 0x00000000c4980000, 0x00000000ec100000)
  object space 5632K, 41% used [0x00000000c4400000,0x00000000c4642028,0x00000000c4980000)
 PSPermGen       total 21504K, used 6349K [0x00000000b9e00000, 0x00000000bb300000, 0x00000000c4400000)
  object space 21504K, 29% used [0x00000000b9e00000,0x00000000ba4336e8,0x00000000bb300000)
Event: 0,756 GC heap after
Heap after GC invocations=4 (full 0):
 PSYoungGen      total 6656K, used 496K [0x00000000ec100000, 0x00000000ec800000, 0x0000000100000000)
  eden space 6144K, 0% used [0x00000000ec100000,0x00000000ec100000,0x00000000ec700000)
  from space 512K, 96% used [0x00000000ec780000,0x00000000ec7fc020,0x00000000ec800000)
  to   space 512K, 0% used [0x00000000ec700000,0x00000000ec700000,0x00000000ec780000)
 ParOldGen       total 5632K, used 3215K [0x00000000c4400000, 0x00000000c4980000, 0x00000000ec100000)
  object space 5632K, 57% used [0x00000000c4400000,0x00000000c4723d18,0x00000000c4980000)
 PSPermGen       total 21504K, used 6349K [0x00000000b9e00000, 0x00000000bb300000, 0x00000000c4400000)
  object space 21504K, 29% used [0x00000000b9e00000,0x00000000ba4336e8,0x00000000bb300000)
}
Event: 1,020 GC heap before
{Heap before GC invocations=5 (full 0):
 PSYoungGen      total 6656K, used 5545K [0x00000000ec100000, 0x00000000ec800000, 0x0000000100000000)
  eden space 6144K, 82% used [0x00000000ec100000,0x00000000ec5ee488,0x00000000ec700000)
  from space 512K, 96% used [0x00000000ec780000,0x00000000ec7fc020,0x00000000ec800000)
  to   space 512K, 0% used [0x00000000ec700000,0x00000000ec700000,0x00000000ec780000)
 ParOldGen       total 5632K, used 3215K [0x00000000c4400000, 0x00000000c4980000, 0x00000000ec100000)
  object space 5632K, 57% used [0x00000000c4400000,0x00000000c4723d18,0x00000000c4980000)
 PSPermGen       total 21504K, used 6916K [0x00000000b9e00000, 0x00000000bb300000, 0x00000000c4400000)
  object space 21504K, 32% used [0x00000000b9e00000,0x00000000ba4c1360,0x00000000bb300000)
Event: 1,025 GC heap after
Heap after GC invocations=5 (full 0):
 PSYoungGen      total 6656K, used 480K [0x00000000ec100000, 0x00000000ed300000, 0x0000000100000000)
  eden space 6144K, 0% used [0x00000000ec100000,0x00000000ec100000,0x00000000ec700000)
  from space 512K, 93% used [0x00000000ec700000,0x00000000ec778030,0x00000000ec780000)
  to   space 3072K, 0% used [0x00000000ed000000,0x00000000ed000000,0x00000000ed300000)
 ParOldGen       total 6144K, used 5704K [0x00000000c4400000, 0x00000000c4a00000, 0x00000000ec100000)
  object space 6144K, 92% used [0x00000000c4400000,0x00000000c49923c8,0x00000000c4a00000)
 PSPermGen       total 21504K, used 6916K [0x00000000b9e00000, 0x00000000bb300000, 0x00000000c4400000)
  object space 21504K, 32% used [0x00000000b9e00000,0x00000000ba4c1360,0x00000000bb300000)
}
Event: 1,025 GC heap before
{Heap before GC invocations=6 (full 1):
 PSYoungGen      total 6656K, used 480K [0x00000000ec100000, 0x00000000ed300000, 0x0000000100000000)
  eden space 6144K, 0% used [0x00000000ec100000,0x00000000ec100000,0x00000000ec700000)
  from space 512K, 93% used [0x00000000ec700000,0x00000000ec778030,0x00000000ec780000)
  to   space 3072K, 0% used [0x00000000ed000000,0x00000000ed000000,0x00000000ed300000)
 ParOldGen       total 6144K, used 5704K [0x00000000c4400000, 0x00000000c4a00000, 0x00000000ec100000)
  object space 6144K, 92% used [0x00000000c4400000,0x00000000c49923c8,0x00000000c4a00000)
 PSPermGen       total 21504K, used 6916K [0x00000000b9e00000, 0x00000000bb300000, 0x00000000c4400000)
  object space 21504K, 32% used [0x00000000b9e00000,0x00000000ba4c1360,0x00000000bb300000)

