# JRE version: OpenJDK Runtime Environment (7.0_55-b14) (build 1.7.0_55-b14)
# Java VM: OpenJDK 64-Bit Server VM (24.51-b03 mixed mode linux-amd64 compressed oops)
Heap
 PSYoungGen      total 19968K, used 3047K [0x00000000ec100000, 0x00000000eda80000, 0x0000000100000000)
  eden space 14848K, 15% used [0x00000000ec100000,0x00000000ec331d10,0x00000000ecf80000)
  from space 5120K, 15% used [0x00000000ed580000,0x00000000ed648000,0x00000000eda80000)
  to   space 5632K, 0% used [0x00000000ecf80000,0x00000000ecf80000,0x00000000ed500000)
 ParOldGen       total 22528K, used 7149K [0x00000000c4400000, 0x00000000c5a00000, 0x00000000ec100000)
  object space 22528K, 31% used [0x00000000c4400000,0x00000000c4afb490,0x00000000c5a00000)
 PSPermGen       total 21504K, used 7716K [0x00000000b9e00000, 0x00000000bb300000, 0x00000000c4400000)
  object space 21504K, 35% used [0x00000000b9e00000,0x00000000ba589098,0x00000000bb300000)
GC Heap History (10 events):
Event: 0,732 GC heap before
{Heap before GC invocations=4 (full 0):
 PSYoungGen      total 6656K, used 5575K [0x00000000ec100000, 0x00000000ece00000, 0x0000000100000000)
  eden space 6144K, 82% used [0x00000000ec100000,0x00000000ec5f5c98,0x00000000ec700000)
  from space 512K, 96% used [0x00000000ec700000,0x00000000ec77c030,0x00000000ec780000)
  to   space 512K, 0% used [0x00000000ecd80000,0x00000000ecd80000,0x00000000ece00000)
 ParOldGen       total 5632K, used 3226K [0x00000000c4400000, 0x00000000c4980000, 0x00000000ec100000)
  object space 5632K, 57% used [0x00000000c4400000,0x00000000c47269f0,0x00000000c4980000)
 PSPermGen       total 21504K, used 6916K [0x00000000b9e00000, 0x00000000bb300000, 0x00000000c4400000)
  object space 21504K, 32% used [0x00000000b9e00000,0x00000000ba4c1360,0x00000000bb300000)
Event: 0,737 GC heap after
Heap after GC invocations=4 (full 0):
 PSYoungGen      total 12800K, used 509K [0x00000000ec100000, 0x00000000ece00000, 0x0000000100000000)
  eden space 12288K, 0% used [0x00000000ec100000,0x00000000ec100000,0x00000000ecd00000)
  from space 512K, 99% used [0x00000000ecd80000,0x00000000ecdff520,0x00000000ece00000)
  to   space 512K, 0% used [0x00000000ecd00000,0x00000000ecd00000,0x00000000ecd80000)
 ParOldGen       total 6144K, used 5756K [0x00000000c4400000, 0x00000000c4a00000, 0x00000000ec100000)
  object space 6144K, 93% used [0x00000000c4400000,0x00000000c499f0a0,0x00000000c4a00000)
 PSPermGen       total 21504K, used 6916K [0x00000000b9e00000, 0x00000000bb300000, 0x00000000c4400000)
  object space 21504K, 32% used [0x00000000b9e00000,0x00000000ba4c1360,0x00000000bb300000)
}
Event: 0,737 GC heap before
{Heap before GC invocations=5 (full 1):
 PSYoungGen      total 12800K, used 509K [0x00000000ec100000, 0x00000000ece00000, 0x0000000100000000)
  eden space 12288K, 0% used [0x00000000ec100000,0x00000000ec100000,0x00000000ecd00000)
  from space 512K, 99% used [0x00000000ecd80000,0x00000000ecdff520,0x00000000ece00000)
  to   space 512K, 0% used [0x00000000ecd00000,0x00000000ecd00000,0x00000000ecd80000)
 ParOldGen       total 6144K, used 5756K [0x00000000c4400000, 0x00000000c4a00000, 0x00000000ec100000)
  object space 6144K, 93% used [0x00000000c4400000,0x00000000c499f0a0,0x00000000c4a00000)
 PSPermGen       total 21504K, used 6916K [0x00000000b9e00000, 0x00000000bb300000, 0x00000000c4400000)
  object space 21504K, 32% used [0x00000000b9e00000,0x00000000ba4c1360,0x00000000bb300000)
Event: 0,799 GC heap after
Heap after GC invocations=5 (full 1):
 PSYoungGen      total 12800K, used 0K [0x00000000ec100000, 0x00000000ece00000, 0x0000000100000000)
  eden space 12288K, 0% used [0x00000000ec100000,0x00000000ec100000,0x00000000ecd00000)
  from space 512K, 0% used [0x00000000ecd80000,0x00000000ecd80000,0x00000000ece00000)
  to   space 512K, 0% used [0x00000000ecd00000,0x00000000ecd00000,0x00000000ecd80000)
 ParOldGen       total 12288K, used 3686K [0x00000000c4400000, 0x00000000c5000000, 0x00000000ec100000)
  object space 12288K, 29% used [0x00000000c4400000,0x00000000c47998f8,0x00000000c5000000)
 PSPermGen       total 21504K, used 6912K [0x00000000b9e00000, 0x00000000bb300000, 0x00000000c4400000)
  object space 21504K, 32% used [0x00000000b9e00000,0x00000000ba4c02b8,0x00000000bb300000)
}
Event: 2,007 GC heap before
{Heap before GC invocations=6 (full 1):
 PSYoungGen      total 12800K, used 12288K [0x00000000ec100000, 0x00000000ece00000, 0x0000000100000000)
  eden space 12288K, 100% used [0x00000000ec100000,0x00000000ecd00000,0x00000000ecd00000)
  from space 512K, 0% used [0x00000000ecd80000,0x00000000ecd80000,0x00000000ece00000)
  to   space 512K, 0% used [0x00000000ecd00000,0x00000000ecd00000,0x00000000ecd80000)
 ParOldGen       total 12288K, used 3686K [0x00000000c4400000, 0x00000000c5000000, 0x00000000ec100000)
  object space 12288K, 29% used [0x00000000c4400000,0x00000000c47998f8,0x00000000c5000000)
 PSPermGen       total 21504K, used 7300K [0x00000000b9e00000, 0x00000000bb300000, 0x00000000c4400000)
  object space 21504K, 33% used [0x00000000b9e00000,0x00000000ba521000,0x00000000bb300000)
Event: 2,016 GC heap after
Heap after GC invocations=6 (full 1):
 PSYoungGen      total 12800K, used 512K [0x00000000ec100000, 0x00000000edb00000, 0x0000000100000000)
  eden space 12288K, 0% used [0x00000000ec100000,0x00000000ec100000,0x00000000ecd00000)
  from space 512K, 100% used [0x00000000ecd00000,0x00000000ecd80000,0x00000000ecd80000)
  to   space 5632K, 0% used [0x00000000ed580000,0x00000000ed580000,0x00000000edb00000)
 ParOldGen       total 12288K, used 8325K [0x00000000c4400000, 0x00000000c5000000, 0x00000000ec100000)
  object space 12288K, 67% used [0x00000000c4400000,0x00000000c4c214c8,0x00000000c5000000)
 PSPermGen       total 21504K, used 7300K [0x00000000b9e00000, 0x00000000bb300000, 0x00000000c4400000)
  object space 21504K, 33% used [0x00000000b9e00000,0x00000000ba521000,0x00000000bb300000)
}
Event: 2,016 GC heap before
{Heap before GC invocations=7 (full 2):
 PSYoungGen      total 12800K, used 512K [0x00000000ec100000, 0x00000000edb00000, 0x0000000100000000)
  eden space 12288K, 0% used [0x00000000ec100000,0x00000000ec100000,0x00000000ecd00000)
  from space 512K, 100% used [0x00000000ecd00000,0x00000000ecd80000,0x00000000ecd80000)
  to   space 5632K, 0% used [0x00000000ed580000,0x00000000ed580000,0x00000000edb00000)
 ParOldGen       total 12288K, used 8325K [0x00000000c4400000, 0x00000000c5000000, 0x00000000ec100000)
  object space 12288K, 67% used [0x00000000c4400000,0x00000000c4c214c8,0x00000000c5000000)
 PSPermGen       total 21504K, used 7300K [0x00000000b9e00000, 0x00000000bb300000, 0x00000000c4400000)
  object space 21504K, 33% used [0x00000000b9e00000,0x00000000ba521000,0x00000000bb300000)
Event: 2,094 GC heap after
Heap after GC invocations=7 (full 2):
 PSYoungGen      total 12800K, used 0K [0x00000000ec100000, 0x00000000edb00000, 0x0000000100000000)
  eden space 12288K, 0% used [0x00000000ec100000,0x00000000ec100000,0x00000000ecd00000)
  from space 512K, 0% used [0x00000000ecd00000,0x00000000ecd00000,0x00000000ecd80000)
  to   space 5632K, 0% used [0x00000000ed580000,0x00000000ed580000,0x00000000edb00000)
 ParOldGen       total 22528K, used 7149K [0x00000000c4400000, 0x00000000c5a00000, 0x00000000ec100000)
  object space 22528K, 31% used [0x00000000c4400000,0x00000000c4afb490,0x00000000c5a00000)
 PSPermGen       total 21504K, used 7299K [0x00000000b9e00000, 0x00000000bb300000, 0x00000000c4400000)
  object space 21504K, 33% used [0x00000000b9e00000,0x00000000ba520f00,0x00000000bb300000)
}
Event: 3,190 GC heap before
{Heap before GC invocations=8 (full 2):
 PSYoungGen      total 12800K, used 12288K [0x00000000ec100000, 0x00000000edb00000, 0x0000000100000000)
  eden space 12288K, 100% used [0x00000000ec100000,0x00000000ecd00000,0x00000000ecd00000)
  from space 512K, 0% used [0x00000000ecd00000,0x00000000ecd00000,0x00000000ecd80000)
  to   space 5632K, 0% used [0x00000000ed580000,0x00000000ed580000,0x00000000edb00000)
 ParOldGen       total 22528K, used 7149K [0x00000000c4400000, 0x00000000c5a00000, 0x00000000ec100000)
  object space 22528K, 31% used [0x00000000c4400000,0x00000000c4afb490,0x00000000c5a00000)
 PSPermGen       total 21504K, used 7532K [0x00000000b9e00000, 0x00000000bb300000, 0x00000000c4400000)
  object space 21504K, 35% used [0x00000000b9e00000,0x00000000ba55b1a0,0x00000000bb300000)
Event: 3,195 GC heap after
Heap after GC invocations=8 (full 2):
 PSYoungGen      total 19968K, used 800K [0x00000000ec100000, 0x00000000eda80000, 0x0000000100000000)
  eden space 14848K, 0% used [0x00000000ec100000,0x00000000ec100000,0x00000000ecf80000)
  from space 5120K, 15% used [0x00000000ed580000,0x00000000ed648000,0x00000000eda80000)
  to   space 5632K, 0% used [0x00000000ecf80000,0x00000000ecf80000,0x00000000ed500000)
 ParOldGen       total 22528K, used 7149K [0x00000000c4400000, 0x00000000c5a00000, 0x00000000ec100000)
  object space 22528K, 31% used [0x00000000c4400000,0x00000000c4afb490,0x00000000c5a00000)
 PSPermGen       total 21504K, used 7532K [0x00000000b9e00000, 0x00000000bb300000, 0x00000000c4400000)
  object space 21504K, 35% used [0x00000000b9e00000,0x00000000ba55b1a0,0x00000000bb300000)
}

